<?xml version="1.0" encoding="UTF-8"?>
<testsuite xmlns:xsi="http://www.w3.org/2001/XMLSchema-instance" xsi:noNamespaceSchemaLocation="https://maven.apache.org/surefire/maven-surefire-plugin/xsd/surefire-test-report.xsd" version="3.0.2" name="sys.hris.sims.SimsApplicationTests" time="18.711" tests="1" errors="0" skipped="0" failures="0" flakes="0">
  <properties>
[...]
</properties>
  <testcase name="contextLoads" classname="sys.hris.sims.SimsApplicationTests" time="1.666">
    <system-out><![CDATA[15:42:55.354 [main] INFO org.springframework.test.context.support.AnnotationConfigContextLoaderUtils -- Could not detect default configuration classes for test class [sys.hris.sims.SimsApplicationTests]: SimsApplicationTests does not declare any static, non-private, non-final, nested classes annotated with @Configuration.
15:42:55.774 [main] INFO org.springframework.boot.test.context.SpringBootTestContextBootstrapper -- Found @SpringBootConfiguration sys.hris.sims.SimsApplication for test class sys.hris.sims.SimsApplicationTests
15:42:56.057 [main] INFO org.springframework.test.context.support.AnnotationConfigContextLoaderUtils -- Could not detect default configuration classes for test class [sys.hris.sims.SimsApplicationTests]: SimsApplicationTests does not declare any static, non-private, non-final, nested classes annotated with @Configuration.
15:42:56.061 [main] INFO org.springframework.boot.test.context.SpringBootTestContextBootstrapper -- Found @SpringBootConfiguration sys.hris.sims.SimsApplication for test class sys.hris.sims.SimsApplicationTests

  .   ____          _            __ _ _
 /\\ / ___'_ __ _ _(_)_ __  __ _ \ \ \ \
( ( )\___ | '_ | '_| | '_ \/ _` | \ \ \ \
 \\/  ___)| |_)| | | | | || (_| |  ) ) ) )
  '  |____| .__|_| |_|_| |_\__, | / / / /
 =========|_|==============|___/=/_/_/_/

 :: Spring Boot ::                (v4.1.0)

2026-07-10T15:42:57.241+07:00  INFO 10944 --- [SIMS] [           main] sys.hris.sims.SimsApplicationTests       : Starting SimsApplicationTests using Java 25.0.1 with PID 10944 (started by Admin in C:\Users\Admin\web\backend)
2026-07-10T15:42:57.244+07:00  INFO 10944 --- [SIMS] [           main] sys.hris.sims.SimsApplicationTests       : No active profile set, falling back to 1 default profile: "default"
2026-07-10T15:42:57.398+07:00 DEBUG 10944 --- [SIMS] [           main] o.s.w.c.s.GenericWebApplicationContext   : Refreshing org.springframework.web.context.support.GenericWebApplicationContext@29528a22
2026-07-10T15:43:00.018+07:00  INFO 10944 --- [SIMS] [           main] .s.d.r.c.RepositoryConfigurationDelegate : Bootstrapping Spring Data JPA repositories in DEFAULT mode.
2026-07-10T15:43:00.408+07:00  INFO 10944 --- [SIMS] [           main] .s.d.r.c.RepositoryConfigurationDelegate : Finished Spring Data repository scanning in 353 ms. Found 13 JPA repository interfaces.
2026-07-10T15:43:02.508+07:00  INFO 10944 --- [SIMS] [           main] com.zaxxer.hikari.HikariDataSource       : HikariPool-1 - Starting...
2026-07-10T15:43:03.122+07:00  INFO 10944 --- [SIMS] [           main] com.zaxxer.hikari.pool.HikariPool        : HikariPool-1 - Added connection org.postgresql.jdbc.PgConnection@42ff9a77
2026-07-10T15:43:03.127+07:00  INFO 10944 --- [SIMS] [           main] com.zaxxer.hikari.HikariDataSource       : HikariPool-1 - Start completed.
2026-07-10T15:43:03.183+07:00  INFO 10944 --- [SIMS] [           main] org.flywaydb.core.FlywayExecutor         : Database: jdbc:postgresql://localhost:5432/db_sims (PostgreSQL 18.1)
2026-07-10T15:43:03.584+07:00  INFO 10944 --- [SIMS] [           main] o.f.core.internal.command.DbValidate     : Successfully validated 19 migrations (execution time 00:00.213s)
2026-07-10T15:43:03.618+07:00  INFO 10944 --- [SIMS] [           main] o.f.core.internal.command.DbMigrate      : Current version of schema "public": 19
2026-07-10T15:43:03.625+07:00  INFO 10944 --- [SIMS] [           main] o.f.core.internal.command.DbMigrate      : Schema "public" is up to date. No migration necessary.
2026-07-10T15:43:04.238+07:00  INFO 10944 --- [SIMS] [           main] org.hibernate.orm.jpa                    : HHH008540: Processing PersistenceUnitInfo [name: default]
2026-07-10T15:43:04.494+07:00  INFO 10944 --- [SIMS] [           main] org.hibernate.orm.core                   : HHH000001: Hibernate ORM core version 7.4.1.Final
2026-07-10T15:43:05.698+07:00  INFO 10944 --- [SIMS] [           main] o.s.o.j.p.SpringPersistenceUnitInfo      : No LoadTimeWeaver setup: ignoring JPA class transformer
2026-07-10T15:43:05.879+07:00  INFO 10944 --- [SIMS] [           main] org.hibernate.orm.connections.pooling    : HHH10001005: Database info:
	Database JDBC URL [jdbc:postgresql://localhost:5432/db_sims]
	Database driver: PostgreSQL JDBC Driver
	Database dialect: PostgreSQLDialect
	Database version: 18.1
	Default catalog/schema: db_sims/public
	Autocommit mode: undefined/unknown
	Isolation level: READ_COMMITTED [default READ_COMMITTED]
	JDBC fetch size: none
	Pool: DataSourceConnectionProvider
	Minimum pool size: undefined/unknown
	Maximum pool size: undefined/unknown
2026-07-10T15:43:08.488+07:00  INFO 10944 --- [SIMS] [           main] org.hibernate.orm.core                   : HHH000489: No JTA platform available (set 'hibernate.transaction.jta.platform' to enable JTA platform integration)
2026-07-10T15:43:08.691+07:00  INFO 10944 --- [SIMS] [           main] j.LocalContainerEntityManagerFactoryBean : Initialized JPA EntityManagerFactory for persistence unit 'default'
2026-07-10T15:43:08.900+07:00  INFO 10944 --- [SIMS] [           main] o.s.d.j.r.query.QueryEnhancerFactories   : Hibernate is in classpath; If applicable, HQL parser will be used.
2026-07-10T15:43:10.187+07:00  WARN 10944 --- [SIMS] [           main] JpaBaseConfiguration$JpaWebConfiguration : spring.jpa.open-in-view is enabled by default. Therefore, database queries may be performed during view rendering. Explicitly configure spring.jpa.open-in-view to disable this warning
2026-07-10T15:43:10.438+07:00  WARN 10944 --- [SIMS] [           main] .s.a.UserDetailsServiceAutoConfiguration : 

Using generated security password: e4444f3a-c960-4a89-a4bd-08d1dd49d408

This generated password is for development use only. Your security configuration must be updated before running your application in production.

2026-07-10T15:43:10.456+07:00  INFO 10944 --- [SIMS] [           main] r$InitializeUserDetailsManagerConfigurer : Global AuthenticationManager configured with UserDetailsService bean with name inMemoryUserDetailsManager
2026-07-10T15:43:11.041+07:00 DEBUG 10944 --- [SIMS] [           main] s.w.s.m.m.a.RequestMappingHandlerMapping : 64 mappings in 'requestMappingHandlerMapping'
2026-07-10T15:43:11.141+07:00 DEBUG 10944 --- [SIMS] [           main] o.s.w.s.handler.SimpleUrlHandlerMapping  : Patterns [/webjars/**, /**, /uploads/**, /swagger-ui*/*swagger-initializer.js, /swagger-ui*/**] in 'resourceHandlerMapping'
2026-07-10T15:43:11.234+07:00 DEBUG 10944 --- [SIMS] [           main] s.w.s.m.m.a.RequestMappingHandlerAdapter : ControllerAdvice beans: 0 @ModelAttribute, 0 @InitBinder, 2 RequestBodyAdvice, 1 ResponseBodyAdvice
2026-07-10T15:43:11.378+07:00 DEBUG 10944 --- [SIMS] [           main] .m.m.a.ExceptionHandlerExceptionResolver : ControllerAdvice beans: 2 @ExceptionHandler, 1 ResponseBodyAdvice
2026-07-10T15:43:11.924+07:00  INFO 10944 --- [SIMS] [           main] sys.hris.sims.SimsApplicationTests       : Started SimsApplicationTests in 15.571 seconds (process running for 18.581)
]]></system-out>
    <system-err><![CDATA[Mockito is currently self-attaching to enable the inline-mock-maker. This will no longer work in future releases of the JDK. Please add Mockito as an agent to your build as described in Mockito's documentation: https://javadoc.io/doc/org.mockito/mockito-core/latest/org.mockito/org/mockito/Mockito.html#0.3
WARNING: A Java agent has been loaded dynamically (C:\Users\Admin\.m2\repository\net\bytebuddy\byte-buddy-agent\1.18.10\byte-buddy-agent-1.18.10.jar)
WARNING: If a serviceability tool is in use, please run with -XX:+EnableDynamicAgentLoading to hide this warning
WARNING: If a serviceability tool is not in use, please run with -Djdk.instrument.traceUsage for more information
WARNING: Dynamic loading of agents will be disallowed by default in a future release
]]></system-err>
  </testcase>
</testsuite>